#
# There is insufficient memory for the Java Runtime Environment to continue.
# Native memory allocation (malloc) failed to allocate 1055856 bytes. Error detail: Chunk::new
# Possible reasons:
#   The system is out of physical RAM or swap space
#   This process is running with CompressedOops enabled, and the Java Heap may be blocking the growth of the native heap
# Possible solutions:
#   Reduce memory load on the system
#   Increase physical memory or swap space
#   Check if swap backing store is full
#   Decrease Java heap size (-Xmx/-Xms)
#   Decrease number of Java threads
#   Decrease Java thread stack sizes (-Xss)
#   Set larger code cache with -XX:ReservedCodeCacheSize=
#   JVM is running with Unscaled Compressed Oops mode in which the Java heap is
#     placed in the first 4GB address space. The Java Heap base address is the
#     maximum limit for the native heap growth. Please use -XX:HeapBaseMinAddress
#     to set the Java Heap base and to place the Java Heap above 4GB virtual address.
# This output file may be truncated or incomplete.
#
#  Out of Memory Error (arena.cpp:168), pid=13332, tid=2252
#
# JRE version: OpenJDK Runtime Environment Temurin-21.0.9+10 (21.0.9+10) (build 21.0.9+10-LTS)
# Java VM: OpenJDK 64-Bit Server VM Temurin-21.0.9+10 (21.0.9+10-LTS, mixed mode, sharing, tiered, compressed oops, compressed class ptrs, parallel gc, windows-amd64)
# No core dump will be written. Minidumps are not enabled by default on client versions of Windows
#

---------------  S U M M A R Y ------------

Command Line: --add-modules=ALL-SYSTEM --add-opens=java.base/java.util=ALL-UNNAMED --add-opens=java.base/java.lang=ALL-UNNAMED --add-opens=java.base/sun.nio.fs=ALL-UNNAMED -Declipse.application=org.eclipse.jdt.ls.core.id1 -Dosgi.bundles.defaultStartLevel=4 -Declipse.product=org.eclipse.jdt.ls.core.product -Djava.import.generatesMetadataFilesAtProjectRoot=false -DDetectVMInstallationsJob.disabled=true -Dfile.encoding=utf8 -XX:+UseParallelGC -XX:GCTimeRatio=4 -XX:AdaptiveSizePolicyWeight=90 -Dsun.zip.disableMemoryMapping=true -Xmx2G -Xms100m -Xlog:disable -javaagent:c:\Users\admin\.vscode\extensions\redhat.java-1.50.0-win32-x64\lombok\lombok-1.18.39-4050.jar -XX:+HeapDumpOnOutOfMemoryError -XX:HeapDumpPath=c:\Users\admin\AppData\Roaming\Code\User\workspaceStorage\65c0909f92d5e7a7b6357911b44db384\redhat.java -Daether.dependencyCollector.impl=bf c:\Users\admin\.vscode\extensions\redhat.java-1.50.0-win32-x64\server\plugins\org.eclipse.equinox.launcher_1.7.100.v20251111-0406.jar -configuration c:\Users\admin\AppData\Roaming\Code\User\globalStorage\redhat.java\1.50.0\config_win -data c:\Users\admin\AppData\Roaming\Code\User\workspaceStorage\65c0909f92d5e7a7b6357911b44db384\redhat.java\jdt_ws --pipe=\\.\pipe\lsp-f6d2f571c395e31d1061466ab418f2ba-sock

Host: AMD Ryzen 5 3500U with Radeon Vega Mobile Gfx  , 8 cores, 9G,  Windows 10 , 64 bit Build 19041 (10.0.19041.5915)
Time: Thu Nov 27 17:39:28 2025 SE Asia Standard Time elapsed time: 1676.391757 seconds (0d 0h 27m 56s)

---------------  T H R E A D  ---------------

Current thread (0x000002407df785d0):  JavaThread "C2 CompilerThread1" daemon [_thread_in_native, id=2252, stack(0x000000a0aa100000,0x000000a0aa200000) (1024K)]


Current CompileTask:
C2:1676391 27259       4       org.apache.maven.model.merge.ModelMerger::mergeModelBase_Reporting (49 bytes)

Stack: [0x000000a0aa100000,0x000000a0aa200000]
Native frames: (J=compiled Java code, j=interpreted, Vv=VM code, C=native code)
V  [jvm.dll+0x6d6e29]
V  [jvm.dll+0x8b4b76]
V  [jvm.dll+0x8b712e]
V  [jvm.dll+0x8b7813]
V  [jvm.dll+0x283d86]
V  [jvm.dll+0xc66ed]
V  [jvm.dll+0xc6c31]
V  [jvm.dll+0x2facee]
V  [jvm.dll+0x5fde44]
V  [jvm.dll+0x255557]
V  [jvm.dll+0x25591d]
V  [jvm.dll+0x24df40]
V  [jvm.dll+0x24b482]
V  [jvm.dll+0x1cb13e]
V  [jvm.dll+0x25b29d]
V  [jvm.dll+0x25982a]
V  [jvm.dll+0x3f7ea6]
V  [jvm.dll+0x85e9ad]
V  [jvm.dll+0x6d565d]
C  [ucrtbase.dll+0x21bb2]
C  [KERNEL32.DLL+0x17374]
C  [ntdll.dll+0x4cc91]


---------------  P R O C E S S  ---------------

Threads class SMR info:
_java_thread_list=0x000002407c6486b0, length=48, elements={
0x000002405ac3f1b0, 0x000002405abafaa0, 0x000002405abb1ac0, 0x000002405abb51e0,
0x000002405abb6e40, 0x000002405abb98a0, 0x000002405abba2f0, 0x000002405abbb120,
0x0000024077008120, 0x00000240771cc740, 0x00000240772f11e0, 0x00000240778e0200,
0x0000024077839220, 0x000002407774a940, 0x0000024077713bf0, 0x0000024077f8ff30,
0x0000024077bfce60, 0x0000024077c5a5e0, 0x0000024077c5cd40, 0x0000024077c59f50,
0x000002407a1e75b0, 0x000002407a1e2d80, 0x000002407a1e7c40, 0x000002407a1e9d10,
0x000002407a1e4130, 0x000002407a1e3410, 0x000002407a1ea3a0, 0x000002407a1e3aa0,
0x000002407a1e54e0, 0x000002407a1e47c0, 0x000002407a1e4e50, 0x000002407a1e8ff0,
0x000002407f499680, 0x000002407f499d10, 0x000002407f49deb0, 0x000002407f4a0610,
0x000002407f49b750, 0x0000024077eb8540, 0x00000240794fa7b0, 0x000002407f49ebd0,
0x00000240794f5f80, 0x00000240794f3820, 0x00000240794f9400, 0x00000240794f3eb0,
0x00000240794f4bd0, 0x00000240794f8050, 0x000002407df785d0, 0x000002407a3eba00
}

Java Threads: ( => current thread )
  0x000002405ac3f1b0 JavaThread "main"                              [_thread_blocked, id=5132, stack(0x000000a0a6f00000,0x000000a0a7000000) (1024K)]
  0x000002405abafaa0 JavaThread "Reference Handler"          daemon [_thread_blocked, id=7632, stack(0x000000a0a7300000,0x000000a0a7400000) (1024K)]
  0x000002405abb1ac0 JavaThread "Finalizer"                  daemon [_thread_blocked, id=6976, stack(0x000000a0a7400000,0x000000a0a7500000) (1024K)]
  0x000002405abb51e0 JavaThread "Signal Dispatcher"          daemon [_thread_blocked, id=13172, stack(0x000000a0a7500000,0x000000a0a7600000) (1024K)]
  0x000002405abb6e40 JavaThread "Attach Listener"            daemon [_thread_blocked, id=20648, stack(0x000000a0a7600000,0x000000a0a7700000) (1024K)]
  0x000002405abb98a0 JavaThread "Service Thread"             daemon [_thread_blocked, id=4460, stack(0x000000a0a7700000,0x000000a0a7800000) (1024K)]
  0x000002405abba2f0 JavaThread "Monitor Deflation Thread"   daemon [_thread_blocked, id=4132, stack(0x000000a0a7800000,0x000000a0a7900000) (1024K)]
  0x000002405abbb120 JavaThread "C2 CompilerThread0"         daemon [_thread_in_native, id=23860, stack(0x000000a0a7900000,0x000000a0a7a00000) (1024K)]
  0x0000024077008120 JavaThread "C1 CompilerThread0"         daemon [_thread_blocked, id=3156, stack(0x000000a0a7a00000,0x000000a0a7b00000) (1024K)]
  0x00000240771cc740 JavaThread "Common-Cleaner"             daemon [_thread_blocked, id=20328, stack(0x000000a0a7c00000,0x000000a0a7d00000) (1024K)]
  0x00000240772f11e0 JavaThread "Notification Thread"        daemon [_thread_blocked, id=19796, stack(0x000000a0a7b00000,0x000000a0a7c00000) (1024K)]
  0x00000240778e0200 JavaThread "Active Thread: Equinox Container: 2458c9f8-cc5f-430e-a2cc-7d345e64843d"        [_thread_blocked, id=12240, stack(0x000000a0a8500000,0x000000a0a8600000) (1024K)]
  0x0000024077839220 JavaThread "Refresh Thread: Equinox Container: 2458c9f8-cc5f-430e-a2cc-7d345e64843d" daemon [_thread_blocked, id=16484, stack(0x000000a0a7d00000,0x000000a0a7e00000) (1024K)]
  0x000002407774a940 JavaThread "Framework Event Dispatcher: Equinox Container: 2458c9f8-cc5f-430e-a2cc-7d345e64843d" daemon [_thread_blocked, id=14108, stack(0x000000a0a8600000,0x000000a0a8700000) (1024K)]
  0x0000024077713bf0 JavaThread "Start Level: Equinox Container: 2458c9f8-cc5f-430e-a2cc-7d345e64843d" daemon [_thread_blocked, id=18240, stack(0x000000a0a8700000,0x000000a0a8800000) (1024K)]
  0x0000024077f8ff30 JavaThread "Bundle File Closer"         daemon [_thread_blocked, id=22484, stack(0x000000a0a8900000,0x000000a0a8a00000) (1024K)]
  0x0000024077bfce60 JavaThread "SCR Component Actor"        daemon [_thread_blocked, id=27948, stack(0x000000a0a8800000,0x000000a0a8900000) (1024K)]
  0x0000024077c5a5e0 JavaThread "Worker-JM"                         [_thread_blocked, id=24180, stack(0x000000a0a8b00000,0x000000a0a8c00000) (1024K)]
  0x0000024077c5cd40 JavaThread "JNA Cleaner"                daemon [_thread_blocked, id=20836, stack(0x000000a0a8c00000,0x000000a0a8d00000) (1024K)]
  0x0000024077c59f50 JavaThread "Java indexing"              daemon [_thread_blocked, id=24568, stack(0x000000a0a9000000,0x000000a0a9100000) (1024K)]
  0x000002407a1e75b0 JavaThread "Thread-1"                   daemon [_thread_in_native, id=27076, stack(0x000000a0a9400000,0x000000a0a9500000) (1024K)]
  0x000002407a1e2d80 JavaThread "Thread-2"                   daemon [_thread_in_native, id=1252, stack(0x000000a0a9500000,0x000000a0a9600000) (1024K)]
  0x000002407a1e7c40 JavaThread "Thread-3"                   daemon [_thread_in_native, id=23980, stack(0x000000a0a9600000,0x000000a0a9700000) (1024K)]
  0x000002407a1e9d10 JavaThread "Thread-4"                   daemon [_thread_in_native, id=13388, stack(0x000000a0a9700000,0x000000a0a9800000) (1024K)]
  0x000002407a1e4130 JavaThread "Thread-5"                   daemon [_thread_in_native, id=22536, stack(0x000000a0a9800000,0x000000a0a9900000) (1024K)]
  0x000002407a1e3410 JavaThread "Thread-6"                   daemon [_thread_in_native, id=14292, stack(0x000000a0a9900000,0x000000a0a9a00000) (1024K)]
  0x000002407a1ea3a0 JavaThread "Thread-7"                   daemon [_thread_in_native, id=19304, stack(0x000000a0a9a00000,0x000000a0a9b00000) (1024K)]
  0x000002407a1e3aa0 JavaThread "Thread-8"                   daemon [_thread_in_native, id=24360, stack(0x000000a0a9b00000,0x000000a0a9c00000) (1024K)]
  0x000002407a1e54e0 JavaThread "Thread-9"                   daemon [_thread_in_native, id=18892, stack(0x000000a0a9c00000,0x000000a0a9d00000) (1024K)]
  0x000002407a1e47c0 JavaThread "pool-2-thread-1"                   [_thread_blocked, id=27996, stack(0x000000a0a9d00000,0x000000a0a9e00000) (1024K)]
  0x000002407a1e4e50 JavaThread "WorkspaceEventsHandler"            [_thread_blocked, id=21076, stack(0x000000a0a9e00000,0x000000a0a9f00000) (1024K)]
  0x000002407a1e8ff0 JavaThread "pool-1-thread-1"                   [_thread_blocked, id=3740, stack(0x000000a0a9f00000,0x000000a0aa000000) (1024K)]
  0x000002407f499680 JavaThread "Java Debug Server"          daemon [_thread_in_native, id=18672, stack(0x000000a0ac100000,0x000000a0ac200000) (1024K)]
  0x000002407f499d10 JavaThread "RxSchedulerPurge-1"         daemon [_thread_blocked, id=27324, stack(0x000000a0ac300000,0x000000a0ac400000) (1024K)]
  0x000002407f49deb0 JavaThread "RxCachedWorkerPoolEvictor-1" daemon [_thread_blocked, id=13200, stack(0x000000a0ac400000,0x000000a0ac500000) (1024K)]
  0x000002407f4a0610 JavaThread "ForkJoinPool.commonPool-worker-11" daemon [_thread_blocked, id=7856, stack(0x000000a0a8e00000,0x000000a0a8f00000) (1024K)]
  0x000002407f49b750 JavaThread "Cleaner-0"                  daemon [_thread_blocked, id=23956, stack(0x000000a0a9100000,0x000000a0a9200000) (1024K)]
  0x0000024077eb8540 JavaThread "ForkJoinPool.commonPool-worker-14" daemon [_thread_blocked, id=26340, stack(0x000000a0aa600000,0x000000a0aa700000) (1024K)]
  0x00000240794fa7b0 JavaThread "Worker-13: Java indexing... "        [_thread_blocked, id=4316, stack(0x000000a0a8a00000,0x000000a0a8b00000) (1024K)]
  0x000002407f49ebd0 JavaThread "ForkJoinPool.commonPool-worker-17" daemon [_thread_blocked, id=17188, stack(0x000000a0aaf00000,0x000000a0ab000000) (1024K)]
  0x00000240794f5f80 JavaThread "Worker-15"                         [_thread_blocked, id=9564, stack(0x000000a0a6e00000,0x000000a0a6f00000) (1024K)]
  0x00000240794f3820 JavaThread "Worker-16: Update project AppQLCT"        [_thread_blocked, id=23548, stack(0x000000a0a6d00000,0x000000a0a6e00000) (1024K)]
  0x00000240794f9400 JavaThread "ForkJoinPool.commonPool-worker-18" daemon [_thread_blocked, id=12400, stack(0x000000a0a8d00000,0x000000a0a8e00000) (1024K)]
  0x00000240794f3eb0 JavaThread "ForkJoinPool.commonPool-worker-19" daemon [_thread_blocked, id=15804, stack(0x000000a0a8f00000,0x000000a0a9000000) (1024K)]
  0x00000240794f4bd0 JavaThread "ForkJoinPool.commonPool-worker-20" daemon [_thread_blocked, id=24828, stack(0x000000a0a9200000,0x000000a0a9300000) (1024K)]
  0x00000240794f8050 JavaThread "ForkJoinPool.commonPool-worker-21" daemon [_thread_blocked, id=2364, stack(0x000000a0a9300000,0x000000a0a9400000) (1024K)]
=>0x000002407df785d0 JavaThread "C2 CompilerThread1"         daemon [_thread_in_native, id=2252, stack(0x000000a0aa100000,0x000000a0aa200000) (1024K)]
  0x000002407a3eba00 JavaThread "Worker-17"                         [_thread_blocked, id=27700, stack(0x000000a0aa800000,0x000000a0aa900000) (1024K)]
Total: 48

Other Threads:
  0x000002405ab97620 VMThread "VM Thread"                           [id=17020, stack(0x000000a0a7200000,0x000000a0a7300000) (1024K)]
  0x000002405aa81440 WatcherThread "VM Periodic Task Thread"        [id=17032, stack(0x000000a0a7100000,0x000000a0a7200000) (1024K)]
  0x000002405ac5e4b0 WorkerThread "GC Thread#0"                     [id=7260, stack(0x000000a0a7000000,0x000000a0a7100000) (1024K)]
  0x00000240775ccef0 WorkerThread "GC Thread#1"                     [id=24932, stack(0x000000a0a7f00000,0x000000a0a8000000) (1024K)]
  0x00000240775cd290 WorkerThread "GC Thread#2"                     [id=520, stack(0x000000a0a8000000,0x000000a0a8100000) (1024K)]
  0x0000024077518c00 WorkerThread "GC Thread#3"                     [id=16444, stack(0x000000a0a8100000,0x000000a0a8200000) (1024K)]
  0x0000024077a2f350 WorkerThread "GC Thread#4"                     [id=17212, stack(0x000000a0a8200000,0x000000a0a8300000) (1024K)]
  0x0000024077a2f6f0 WorkerThread "GC Thread#5"                     [id=3300, stack(0x000000a0a8300000,0x000000a0a8400000) (1024K)]
  0x0000024077a2fa90 WorkerThread "GC Thread#6"                     [id=24392, stack(0x000000a0a8400000,0x000000a0a8500000) (1024K)]
  0x000002405abfc290 WorkerThread "GC Thread#7"                     [id=19316, stack(0x000000a0a7e00000,0x000000a0a7f00000) (1024K)]
Total: 10

Threads with active compile tasks:
C2 CompilerThread0  1676439 27279   !   4       org.eclipse.jdt.internal.compiler.lookup.ReferenceBinding::getSingleAbstractMethod (1034 bytes)
C2 CompilerThread1  1676439 27259       4       org.apache.maven.model.merge.ModelMerger::mergeModelBase_Reporting (49 bytes)
Total: 2

VM state: not at safepoint (normal execution)

VM Mutex/Monitor currently owned by a thread: None

Heap address: 0x0000000080000000, size: 2048 MB, Compressed Oops mode: 32-bit

CDS archive(s) mapped at: [0x0000024000000000-0x0000024000ba0000-0x0000024000ba0000), size 12189696, SharedBaseAddress: 0x0000024000000000, ArchiveRelocationMode: 1.
Compressed class space mapped at: 0x0000024001000000-0x0000024041000000, reserved size: 1073741824
Narrow klass base: 0x0000024000000000, Narrow klass shift: 0, Narrow klass range: 0x100000000

GC Precious Log:
 CardTable entry size: 512
 CPUs: 8 total, 8 available
 Memory: 10187M
 Large Page Support: Disabled
 NUMA Support: Disabled
 Compressed Oops: Enabled (32-bit)
 Alignments: Space 512K, Generation 512K, Heap 2M
 Heap Min Capacity: 100M
 Heap Initial Capacity: 100M
 Heap Max Capacity: 2G
 Pre-touch: Disabled
 Parallel Workers: 8

Heap:
 PSYoungGen      total 6144K, used 1304K [0x00000000d5580000, 0x00000000d5e80000, 0x0000000100000000)
  eden space 5120K, 5% used [0x00000000d5580000,0x00000000d55c63e8,0x00000000d5a80000)
  from space 1024K, 100% used [0x00000000d5a80000,0x00000000d5b80000,0x00000000d5b80000)
  to   space 2048K, 0% used [0x00000000d5c80000,0x00000000d5c80000,0x00000000d5e80000)
 ParOldGen       total 785408K, used 354811K [0x0000000080000000, 0x00000000aff00000, 0x00000000d5580000)
  object space 785408K, 45% used [0x0000000080000000,0x0000000095a7ece8,0x00000000aff00000)
 Metaspace       used 95252K, committed 97152K, reserved 1179648K
  class space    used 9551K, committed 10432K, reserved 1048576K

Card table byte_map: [0x000002405a5f0000,0x000002405aa00000] _byte_map_base: 0x000002405a1f0000

Marking Bits: (ParMarkBitMap*) 0x00007ffa6f422460
 Begin Bits: [0x000002406d100000, 0x000002406f100000)
 End Bits:   [0x000002406f100000, 0x0000024071100000)

Polling page: 0x0000024058aa0000

Metaspace:

Usage:
  Non-class:     83.69 MB used.
      Class:      9.33 MB used.
       Both:     93.02 MB used.

Virtual space:
  Non-class space:      128.00 MB reserved,      84.69 MB ( 66%) committed,  2 nodes.
      Class space:        1.00 GB reserved,      10.19 MB ( <1%) committed,  1 nodes.
             Both:        1.12 GB reserved,      94.88 MB (  8%) committed. 

Chunk freelists:
   Non-Class:  10.44 MB
       Class:  5.71 MB
        Both:  16.15 MB

MaxMetaspaceSize: unlimited
CompressedClassSpaceSize: 1.00 GB
Initial GC threshold: 21.00 MB
Current GC threshold: 156.69 MB
CDS: on
 - commit_granule_bytes: 65536.
 - commit_granule_words: 8192.
 - virtual_space_node_default_size: 8388608.
 - enlarge_chunks_in_place: 1.
 - use_allocation_guard: 0.


Internal statistics:

num_allocs_failed_limit: 9.
num_arena_births: 1854.
num_arena_deaths: 26.
num_vsnodes_births: 3.
num_vsnodes_deaths: 0.
num_space_committed: 1525.
num_space_uncommitted: 7.
num_chunks_returned_to_freelist: 79.
num_chunks_taken_from_freelist: 6557.
num_chunk_merges: 27.
num_chunk_splits: 3917.
num_chunks_enlarged: 2128.
num_inconsistent_stats: 0.

CodeHeap 'non-profiled nmethods': size=120000Kb used=27593Kb max_used=28494Kb free=92406Kb
 bounds [0x0000024065920000, 0x0000024067500000, 0x000002406ce50000]
CodeHeap 'profiled nmethods': size=120000Kb used=49457Kb max_used=56616Kb free=70542Kb
 bounds [0x000002405de50000, 0x00000240615a0000, 0x0000024065380000]
CodeHeap 'non-nmethods': size=5760Kb used=1538Kb max_used=1606Kb free=4221Kb
 bounds [0x0000024065380000, 0x00000240655f0000, 0x0000024065920000]
CodeCache: size=245760Kb, used=78588Kb, max_used=86716Kb, free=167169Kb
 total_blobs=21459, nmethods=20599, adapters=763, full_count=0
Compilation: enabled, stopped_count=0, restarted_count=0

Compilation events (20 events):
Event: 1675.955 Thread 0x0000024077008120 nmethod 27272 0x000002405e736c90 code [0x000002405e736ec0, 0x000002405e737800]
Event: 1676.054 Thread 0x000002407df785d0 nmethod 27258 0x00000240662b7d90 code [0x00000240662b8100, 0x00000240662ba4d8]
Event: 1676.055 Thread 0x000002407df785d0 27264       4       org.apache.maven.model.ModelBase::getRepositories (23 bytes)
Event: 1676.056 Thread 0x000002407df785d0 nmethod 27264 0x00000240662b7810 code [0x00000240662b79a0, 0x00000240662b7ac0]
Event: 1676.056 Thread 0x000002407df785d0 27262       4       org.eclipse.aether.util.artifact.ArtifactIdUtils::toId (42 bytes)
Event: 1676.058 Thread 0x000002407df785d0 nmethod 27262 0x0000024065df5610 code [0x0000024065df57a0, 0x0000024065df5890]
Event: 1676.058 Thread 0x000002407df785d0 27263       4       org.eclipse.aether.util.graph.selector.ScopeDependencySelector::selectDependency (67 bytes)
Event: 1676.068 Thread 0x000002407df785d0 nmethod 27263 0x0000024065df4e10 code [0x0000024065df4fc0, 0x0000024065df53e8]
Event: 1676.068 Thread 0x000002407df785d0 27261       4       org.apache.maven.model.building.DefaultModelBuildingResult::setActivePomProfiles (46 bytes)
Event: 1676.090 Thread 0x000002407df785d0 nmethod 27261 0x0000024066b8cc10 code [0x0000024066b8ce60, 0x0000024066b8d898]
Event: 1676.090 Thread 0x000002407df785d0 27257       4       org.apache.maven.model.InputLocation::merge (121 bytes)
Event: 1676.094 Thread 0x000002407df785d0 nmethod 27257 0x0000024065df4710 code [0x0000024065df48c0, 0x0000024065df4b90]
Event: 1676.095 Thread 0x000002407df785d0 27259       4       org.apache.maven.model.merge.ModelMerger::mergeModelBase_Reporting (49 bytes)
Event: 1676.100 Thread 0x000002405abbb120 nmethod 27256 0x00000240665d3790 code [0x00000240665d4380, 0x00000240665dc498]
Event: 1676.106 Thread 0x000002405abbb120 27274       4       sun.nio.cs.UTF_8$Decoder::isMalformed3 (45 bytes)
Event: 1676.107 Thread 0x000002405abbb120 nmethod 27274 0x0000024065df4110 code [0x0000024065df42a0, 0x0000024065df4380]
Event: 1676.163 Thread 0x0000024077008120 27275       3       org.eclipse.core.internal.content.LazyInputStream::<init> (33 bytes)
Event: 1676.163 Thread 0x0000024077008120 nmethod 27275 0x000002405e3e8a90 code [0x000002405e3e8c40, 0x000002405e3e8ef0]
Event: 1676.173 Thread 0x0000024077008120 27276       3       org.eclipse.core.internal.content.ContentTypeCatalog::getDescriptionFor (13 bytes)
Event: 1676.173 Thread 0x0000024077008120 nmethod 27276 0x000002405e44ec10 code [0x000002405e44ede0, 0x000002405e44f060]

GC Heap History (20 events):
Event: 1675.788 GC heap before
{Heap before GC invocations=2383 (full 6):
 PSYoungGen      total 10240K, used 10000K [0x00000000d5580000, 0x00000000d6100000, 0x0000000100000000)
  eden space 8704K, 100% used [0x00000000d5580000,0x00000000d5e00000,0x00000000d5e00000)
  from space 1536K, 84% used [0x00000000d5f80000,0x00000000d60c4010,0x00000000d6100000)
  to   space 1536K, 0% used [0x00000000d5e00000,0x00000000d5e00000,0x00000000d5f80000)
 ParOldGen       total 785408K, used 346781K [0x0000000080000000, 0x00000000aff00000, 0x00000000d5580000)
  object space 785408K, 44% used [0x0000000080000000,0x00000000952a7500,0x00000000aff00000)
 Metaspace       used 95249K, committed 97088K, reserved 1179648K
  class space    used 9551K, committed 10432K, reserved 1048576K
}
Event: 1675.791 GC heap after
{Heap after GC invocations=2383 (full 6):
 PSYoungGen      total 9728K, used 832K [0x00000000d5580000, 0x00000000d6000000, 0x0000000100000000)
  eden space 8704K, 0% used [0x00000000d5580000,0x00000000d5580000,0x00000000d5e00000)
  from space 1024K, 81% used [0x00000000d5e00000,0x00000000d5ed0020,0x00000000d5f00000)
  to   space 1024K, 0% used [0x00000000d5f00000,0x00000000d5f00000,0x00000000d6000000)
 ParOldGen       total 785408K, used 347453K [0x0000000080000000, 0x00000000aff00000, 0x00000000d5580000)
  object space 785408K, 44% used [0x0000000080000000,0x000000009534f500,0x00000000aff00000)
 Metaspace       used 95249K, committed 97088K, reserved 1179648K
  class space    used 9551K, committed 10432K, reserved 1048576K
}
Event: 1675.822 GC heap before
{Heap before GC invocations=2384 (full 6):
 PSYoungGen      total 9728K, used 9536K [0x00000000d5580000, 0x00000000d6000000, 0x0000000100000000)
  eden space 8704K, 100% used [0x00000000d5580000,0x00000000d5e00000,0x00000000d5e00000)
  from space 1024K, 81% used [0x00000000d5e00000,0x00000000d5ed0020,0x00000000d5f00000)
  to   space 1024K, 0% used [0x00000000d5f00000,0x00000000d5f00000,0x00000000d6000000)
 ParOldGen       total 785408K, used 347453K [0x0000000080000000, 0x00000000aff00000, 0x00000000d5580000)
  object space 785408K, 44% used [0x0000000080000000,0x000000009534f500,0x00000000aff00000)
 Metaspace       used 95249K, committed 97088K, reserved 1179648K
  class space    used 9551K, committed 10432K, reserved 1048576K
}
Event: 1675.825 GC heap after
{Heap after GC invocations=2384 (full 6):
 PSYoungGen      total 8704K, used 992K [0x00000000d5580000, 0x00000000d6200000, 0x0000000100000000)
  eden space 7680K, 0% used [0x00000000d5580000,0x00000000d5580000,0x00000000d5d00000)
  from space 1024K, 96% used [0x00000000d5f00000,0x00000000d5ff8040,0x00000000d6000000)
  to   space 2048K, 0% used [0x00000000d5d00000,0x00000000d5d00000,0x00000000d5f00000)
 ParOldGen       total 785408K, used 347941K [0x0000000080000000, 0x00000000aff00000, 0x00000000d5580000)
  object space 785408K, 44% used [0x0000000080000000,0x00000000953c9500,0x00000000aff00000)
 Metaspace       used 95249K, committed 97088K, reserved 1179648K
  class space    used 9551K, committed 10432K, reserved 1048576K
}
Event: 1675.917 GC heap before
{Heap before GC invocations=2385 (full 6):
 PSYoungGen      total 8704K, used 8672K [0x00000000d5580000, 0x00000000d6200000, 0x0000000100000000)
  eden space 7680K, 100% used [0x00000000d5580000,0x00000000d5d00000,0x00000000d5d00000)
  from space 1024K, 96% used [0x00000000d5f00000,0x00000000d5ff8040,0x00000000d6000000)
  to   space 2048K, 0% used [0x00000000d5d00000,0x00000000d5d00000,0x00000000d5f00000)
 ParOldGen       total 785408K, used 347941K [0x0000000080000000, 0x00000000aff00000, 0x00000000d5580000)
  object space 785408K, 44% used [0x0000000080000000,0x00000000953c9500,0x00000000aff00000)
 Metaspace       used 95249K, committed 97088K, reserved 1179648K
  class space    used 9551K, committed 10432K, reserved 1048576K
}
Event: 1675.923 GC heap after
{Heap after GC invocations=2385 (full 6):
 PSYoungGen      total 8704K, used 992K [0x00000000d5580000, 0x00000000d6000000, 0x0000000100000000)
  eden space 7680K, 0% used [0x00000000d5580000,0x00000000d5580000,0x00000000d5d00000)
  from space 1024K, 96% used [0x00000000d5d00000,0x00000000d5df8000,0x00000000d5e00000)
  to   space 1536K, 0% used [0x00000000d5e80000,0x00000000d5e80000,0x00000000d6000000)
 ParOldGen       total 785408K, used 348517K [0x0000000080000000, 0x00000000aff00000, 0x00000000d5580000)
  object space 785408K, 44% used [0x0000000080000000,0x0000000095459540,0x00000000aff00000)
 Metaspace       used 95249K, committed 97088K, reserved 1179648K
  class space    used 9551K, committed 10432K, reserved 1048576K
}
Event: 1675.943 GC heap before
{Heap before GC invocations=2386 (full 6):
 PSYoungGen      total 8704K, used 8671K [0x00000000d5580000, 0x00000000d6000000, 0x0000000100000000)
  eden space 7680K, 99% used [0x00000000d5580000,0x00000000d5cfffc8,0x00000000d5d00000)
  from space 1024K, 96% used [0x00000000d5d00000,0x00000000d5df8000,0x00000000d5e00000)
  to   space 1536K, 0% used [0x00000000d5e80000,0x00000000d5e80000,0x00000000d6000000)
 ParOldGen       total 785408K, used 348517K [0x0000000080000000, 0x00000000aff00000, 0x00000000d5580000)
  object space 785408K, 44% used [0x0000000080000000,0x0000000095459540,0x00000000aff00000)
 Metaspace       used 95249K, committed 97088K, reserved 1179648K
  class space    used 9551K, committed 10432K, reserved 1048576K
}
Event: 1675.949 GC heap after
{Heap after GC invocations=2386 (full 6):
 PSYoungGen      total 8704K, used 864K [0x00000000d5580000, 0x00000000d5f80000, 0x0000000100000000)
  eden space 7680K, 0% used [0x00000000d5580000,0x00000000d5580000,0x00000000d5d00000)
  from space 1024K, 84% used [0x00000000d5e80000,0x00000000d5f58020,0x00000000d5f80000)
  to   space 1024K, 0% used [0x00000000d5d00000,0x00000000d5d00000,0x00000000d5e00000)
 ParOldGen       total 785408K, used 349149K [0x0000000080000000, 0x00000000aff00000, 0x00000000d5580000)
  object space 785408K, 44% used [0x0000000080000000,0x00000000954f7550,0x00000000aff00000)
 Metaspace       used 95249K, committed 97088K, reserved 1179648K
  class space    used 9551K, committed 10432K, reserved 1048576K
}
Event: 1676.047 GC heap before
{Heap before GC invocations=2387 (full 6):
 PSYoungGen      total 8704K, used 8544K [0x00000000d5580000, 0x00000000d5f80000, 0x0000000100000000)
  eden space 7680K, 100% used [0x00000000d5580000,0x00000000d5d00000,0x00000000d5d00000)
  from space 1024K, 84% used [0x00000000d5e80000,0x00000000d5f58020,0x00000000d5f80000)
  to   space 1024K, 0% used [0x00000000d5d00000,0x00000000d5d00000,0x00000000d5e00000)
 ParOldGen       total 785408K, used 349149K [0x0000000080000000, 0x00000000aff00000, 0x00000000d5580000)
  object space 785408K, 44% used [0x0000000080000000,0x00000000954f7550,0x00000000aff00000)
 Metaspace       used 95252K, committed 97152K, reserved 1179648K
  class space    used 9551K, committed 10432K, reserved 1048576K
}
Event: 1676.050 GC heap after
{Heap after GC invocations=2387 (full 6):
 PSYoungGen      total 8704K, used 880K [0x00000000d5580000, 0x00000000d5f00000, 0x0000000100000000)
  eden space 7680K, 0% used [0x00000000d5580000,0x00000000d5580000,0x00000000d5d00000)
  from space 1024K, 85% used [0x00000000d5d00000,0x00000000d5ddc010,0x00000000d5e00000)
  to   space 1024K, 0% used [0x00000000d5e00000,0x00000000d5e00000,0x00000000d5f00000)
 ParOldGen       total 785408K, used 349469K [0x0000000080000000, 0x00000000aff00000, 0x00000000d5580000)
  object space 785408K, 44% used [0x0000000080000000,0x0000000095547560,0x00000000aff00000)
 Metaspace       used 95252K, committed 97152K, reserved 1179648K
  class space    used 9551K, committed 10432K, reserved 1048576K
}
Event: 1676.153 GC heap before
{Heap before GC invocations=2388 (full 6):
 PSYoungGen      total 8704K, used 8557K [0x00000000d5580000, 0x00000000d5f00000, 0x0000000100000000)
  eden space 7680K, 99% used [0x00000000d5580000,0x00000000d5cff480,0x00000000d5d00000)
  from space 1024K, 85% used [0x00000000d5d00000,0x00000000d5ddc010,0x00000000d5e00000)
  to   space 1024K, 0% used [0x00000000d5e00000,0x00000000d5e00000,0x00000000d5f00000)
 ParOldGen       total 785408K, used 349469K [0x0000000080000000, 0x00000000aff00000, 0x00000000d5580000)
  object space 785408K, 44% used [0x0000000080000000,0x0000000095547560,0x00000000aff00000)
 Metaspace       used 95252K, committed 97152K, reserved 1179648K
  class space    used 9551K, committed 10432K, reserved 1048576K
}
Event: 1676.158 GC heap after
{Heap after GC invocations=2388 (full 6):
 PSYoungGen      total 6144K, used 992K [0x00000000d5580000, 0x00000000d6400000, 0x0000000100000000)
  eden space 5120K, 0% used [0x00000000d5580000,0x00000000d5580000,0x00000000d5a80000)
  from space 1024K, 96% used [0x00000000d5e00000,0x00000000d5ef8010,0x00000000d5f00000)
  to   space 3584K, 0% used [0x00000000d5a80000,0x00000000d5a80000,0x00000000d5e00000)
 ParOldGen       total 785408K, used 351372K [0x0000000080000000, 0x00000000aff00000, 0x00000000d5580000)
  object space 785408K, 44% used [0x0000000080000000,0x00000000957233f0,0x00000000aff00000)
 Metaspace       used 95252K, committed 97152K, reserved 1179648K
  class space    used 9551K, committed 10432K, reserved 1048576K
}
Event: 1676.201 GC heap before
{Heap before GC invocations=2389 (full 6):
 PSYoungGen      total 6144K, used 6112K [0x00000000d5580000, 0x00000000d6400000, 0x0000000100000000)
  eden space 5120K, 100% used [0x00000000d5580000,0x00000000d5a80000,0x00000000d5a80000)
  from space 1024K, 96% used [0x00000000d5e00000,0x00000000d5ef8010,0x00000000d5f00000)
  to   space 3584K, 0% used [0x00000000d5a80000,0x00000000d5a80000,0x00000000d5e00000)
 ParOldGen       total 785408K, used 351372K [0x0000000080000000, 0x00000000aff00000, 0x00000000d5580000)
  object space 785408K, 44% used [0x0000000080000000,0x00000000957233f0,0x00000000aff00000)
 Metaspace       used 95252K, committed 97152K, reserved 1179648K
  class space    used 9551K, committed 10432K, reserved 1048576K
}
Event: 1676.205 GC heap after
{Heap after GC invocations=2389 (full 6):
 PSYoungGen      total 6144K, used 864K [0x00000000d5580000, 0x00000000d5e80000, 0x0000000100000000)
  eden space 5120K, 0% used [0x00000000d5580000,0x00000000d5580000,0x00000000d5a80000)
  from space 1024K, 84% used [0x00000000d5a80000,0x00000000d5b58000,0x00000000d5b80000)
  to   space 2048K, 0% used [0x00000000d5c80000,0x00000000d5c80000,0x00000000d5e80000)
 ParOldGen       total 785408K, used 352391K [0x0000000080000000, 0x00000000aff00000, 0x00000000d5580000)
  object space 785408K, 44% used [0x0000000080000000,0x0000000095821cb8,0x00000000aff00000)
 Metaspace       used 95252K, committed 97152K, reserved 1179648K
  class space    used 9551K, committed 10432K, reserved 1048576K
}
Event: 1676.225 GC heap before
{Heap before GC invocations=2390 (full 6):
 PSYoungGen      total 6144K, used 5984K [0x00000000d5580000, 0x00000000d5e80000, 0x0000000100000000)
  eden space 5120K, 100% used [0x00000000d5580000,0x00000000d5a80000,0x00000000d5a80000)
  from space 1024K, 84% used [0x00000000d5a80000,0x00000000d5b58000,0x00000000d5b80000)
  to   space 2048K, 0% used [0x00000000d5c80000,0x00000000d5c80000,0x00000000d5e80000)
 ParOldGen       total 785408K, used 352391K [0x0000000080000000, 0x00000000aff00000, 0x00000000d5580000)
  object space 785408K, 44% used [0x0000000080000000,0x0000000095821cb8,0x00000000aff00000)
 Metaspace       used 95252K, committed 97152K, reserved 1179648K
  class space    used 9551K, committed 10432K, reserved 1048576K
}
Event: 1676.228 GC heap after
{Heap after GC invocations=2390 (full 6):
 PSYoungGen      total 6144K, used 576K [0x00000000d5580000, 0x00000000d5d80000, 0x0000000100000000)
  eden space 5120K, 0% used [0x00000000d5580000,0x00000000d5580000,0x00000000d5a80000)
  from space 1024K, 56% used [0x00000000d5c80000,0x00000000d5d10020,0x00000000d5d80000)
  to   space 1024K, 0% used [0x00000000d5a80000,0x00000000d5a80000,0x00000000d5b80000)
 ParOldGen       total 785408K, used 353117K [0x0000000080000000, 0x00000000aff00000, 0x00000000d5580000)
  object space 785408K, 44% used [0x0000000080000000,0x00000000958d7748,0x00000000aff00000)
 Metaspace       used 95252K, committed 97152K, reserved 1179648K
  class space    used 9551K, committed 10432K, reserved 1048576K
}
Event: 1676.278 GC heap before
{Heap before GC invocations=2391 (full 6):
 PSYoungGen      total 6144K, used 5696K [0x00000000d5580000, 0x00000000d5d80000, 0x0000000100000000)
  eden space 5120K, 100% used [0x00000000d5580000,0x00000000d5a80000,0x00000000d5a80000)
  from space 1024K, 56% used [0x00000000d5c80000,0x00000000d5d10020,0x00000000d5d80000)
  to   space 1024K, 0% used [0x00000000d5a80000,0x00000000d5a80000,0x00000000d5b80000)
 ParOldGen       total 785408K, used 353117K [0x0000000080000000, 0x00000000aff00000, 0x00000000d5580000)
  object space 785408K, 44% used [0x0000000080000000,0x00000000958d7748,0x00000000aff00000)
 Metaspace       used 95252K, committed 97152K, reserved 1179648K
  class space    used 9551K, committed 10432K, reserved 1048576K
}
Event: 1676.299 GC heap after
{Heap after GC invocations=2391 (full 6):
 PSYoungGen      total 6144K, used 725K [0x00000000d5580000, 0x00000000d5d00000, 0x0000000100000000)
  eden space 5120K, 0% used [0x00000000d5580000,0x00000000d5580000,0x00000000d5a80000)
  from space 1024K, 70% used [0x00000000d5a80000,0x00000000d5b35730,0x00000000d5b80000)
  to   space 1024K, 0% used [0x00000000d5c00000,0x00000000d5c00000,0x00000000d5d00000)
 ParOldGen       total 785408K, used 353605K [0x0000000080000000, 0x00000000aff00000, 0x00000000d5580000)
  object space 785408K, 45% used [0x0000000080000000,0x0000000095951788,0x00000000aff00000)
 Metaspace       used 95252K, committed 97152K, reserved 1179648K
  class space    used 9551K, committed 10432K, reserved 1048576K
}
Event: 1676.356 GC heap before
{Heap before GC invocations=2392 (full 6):
 PSYoungGen      total 6144K, used 5845K [0x00000000d5580000, 0x00000000d5d00000, 0x0000000100000000)
  eden space 5120K, 100% used [0x00000000d5580000,0x00000000d5a80000,0x00000000d5a80000)
  from space 1024K, 70% used [0x00000000d5a80000,0x00000000d5b35730,0x00000000d5b80000)
  to   space 1024K, 0% used [0x00000000d5c00000,0x00000000d5c00000,0x00000000d5d00000)
 ParOldGen       total 785408K, used 353605K [0x0000000080000000, 0x00000000aff00000, 0x00000000d5580000)
  object space 785408K, 45% used [0x0000000080000000,0x0000000095951788,0x00000000aff00000)
 Metaspace       used 95252K, committed 97152K, reserved 1179648K
  class space    used 9551K, committed 10432K, reserved 1048576K
}
Event: 1676.361 GC heap after
{Heap after GC invocations=2392 (full 6):
 PSYoungGen      total 6144K, used 763K [0x00000000d5580000, 0x00000000d5d00000, 0x0000000100000000)
  eden space 5120K, 0% used [0x00000000d5580000,0x00000000d5580000,0x00000000d5a80000)
  from space 1024K, 74% used [0x00000000d5c00000,0x00000000d5cbeed8,0x00000000d5d00000)
  to   space 1024K, 0% used [0x00000000d5a80000,0x00000000d5a80000,0x00000000d5b80000)
 ParOldGen       total 785408K, used 354173K [0x0000000080000000, 0x00000000aff00000, 0x00000000d5580000)
  object space 785408K, 45% used [0x0000000080000000,0x00000000959df788,0x00000000aff00000)
 Metaspace       used 95252K, committed 97152K, reserved 1179648K
  class space    used 9551K, committed 10432K, reserved 1048576K
}

Dll operation events (12 events):
Event: 0.011 Loaded shared library c:\Users\admin\.vscode\extensions\redhat.java-1.50.0-win32-x64\jre\21.0.9-win32-x86_64\bin\java.dll
Event: 0.221 Loaded shared library c:\Users\admin\.vscode\extensions\redhat.java-1.50.0-win32-x64\jre\21.0.9-win32-x86_64\bin\zip.dll
Event: 0.284 Loaded shared library C:\Users\admin\.vscode\extensions\redhat.java-1.50.0-win32-x64\jre\21.0.9-win32-x86_64\bin\instrument.dll
Event: 0.309 Loaded shared library C:\Users\admin\.vscode\extensions\redhat.java-1.50.0-win32-x64\jre\21.0.9-win32-x86_64\bin\net.dll
Event: 0.312 Loaded shared library C:\Users\admin\.vscode\extensions\redhat.java-1.50.0-win32-x64\jre\21.0.9-win32-x86_64\bin\nio.dll
Event: 0.318 Loaded shared library C:\Users\admin\.vscode\extensions\redhat.java-1.50.0-win32-x64\jre\21.0.9-win32-x86_64\bin\zip.dll
Event: 0.388 Loaded shared library C:\Users\admin\.vscode\extensions\redhat.java-1.50.0-win32-x64\jre\21.0.9-win32-x86_64\bin\jimage.dll
Event: 0.751 Loaded shared library c:\Users\admin\.vscode\extensions\redhat.java-1.50.0-win32-x64\jre\21.0.9-win32-x86_64\bin\verify.dll
Event: 10.158 Loaded shared library C:\Users\admin\AppData\Roaming\Code\User\globalStorage\redhat.java\1.50.0\config_win\org.eclipse.equinox.launcher\org.eclipse.equinox.launcher.win32.win32.x86_64_1.2.1400.v20250801-0854\eclipse_11916.dll
Event: 26.891 Loaded shared library C:\Users\admin\AppData\Local\Temp\jna-92668751\jna8534291450524353867.dll
Event: 31.498 Loaded shared library C:\Users\admin\.vscode\extensions\redhat.java-1.50.0-win32-x64\jre\21.0.9-win32-x86_64\bin\sunmscapi.dll
Event: 31.683 Loaded shared library C:\Users\admin\.vscode\extensions\redhat.java-1.50.0-win32-x64\jre\21.0.9-win32-x86_64\bin\extnet.dll

Deoptimization events (20 events):
Event: 1661.404 Thread 0x00000240794fa7b0 Uncommon trap: trap_request=0xffffff6e fr.pc=0x000002406675e2c4 relative=0x0000000000000a64
Event: 1661.404 Thread 0x00000240794fa7b0 Uncommon trap: reason=loop_limit_check action=maybe_recompile pc=0x000002406675e2c4 method=org.eclipse.jdt.internal.compiler.util.HashtableOfType.rehash()V @ 64 c2
Event: 1661.404 Thread 0x00000240794fa7b0 DEOPT PACKING pc=0x000002406675e2c4 sp=0x000000a0a8afd9b0
Event: 1661.404 Thread 0x00000240794fa7b0 DEOPT UNPACKING pc=0x00000240653d3aa2 sp=0x000000a0a8afd960 mode 2
Event: 1668.699 Thread 0x00000240794fa7b0 Uncommon trap: trap_request=0xffffff45 fr.pc=0x0000024066023f7c relative=0x000000000000187c
Event: 1668.699 Thread 0x00000240794fa7b0 Uncommon trap: reason=unstable_if action=reinterpret pc=0x0000024066023f7c method=org.eclipse.core.internal.localstore.RefreshLocalVisitor.visit(Lorg/eclipse/core/internal/localstore/UnifiedTreeNode;)Z @ 75 c2
Event: 1668.699 Thread 0x00000240794fa7b0 DEOPT PACKING pc=0x0000024066023f7c sp=0x000000a0a8afe480
Event: 1668.699 Thread 0x00000240794fa7b0 DEOPT UNPACKING pc=0x00000240653d3aa2 sp=0x000000a0a8afe448 mode 2
Event: 1668.699 Thread 0x00000240794fa7b0 Uncommon trap: trap_request=0xffffff45 fr.pc=0x000002406702a810 relative=0x0000000000006930
Event: 1668.699 Thread 0x00000240794fa7b0 Uncommon trap: reason=unstable_if action=reinterpret pc=0x000002406702a810 method=org.eclipse.core.internal.localstore.UnifiedTree.addChildren(Lorg/eclipse/core/internal/localstore/UnifiedTreeNode;)V @ 43 c2
Event: 1668.699 Thread 0x00000240794fa7b0 DEOPT PACKING pc=0x000002406702a810 sp=0x000000a0a8afe3d0
Event: 1668.699 Thread 0x00000240794fa7b0 DEOPT UNPACKING pc=0x00000240653d3aa2 sp=0x000000a0a8afe3d0 mode 2
Event: 1668.747 Thread 0x00000240794fa7b0 Uncommon trap: trap_request=0xffffff5c fr.pc=0x000002406732d72c relative=0x000000000000032c
Event: 1668.747 Thread 0x00000240794fa7b0 Uncommon trap: reason=speculate_null_check action=make_not_entrant pc=0x000002406732d72c method=java.util.Objects.hashCode(Ljava/lang/Object;)I @ 1 c2
Event: 1668.747 Thread 0x00000240794fa7b0 DEOPT PACKING pc=0x000002406732d72c sp=0x000000a0a8afe100
Event: 1668.748 Thread 0x00000240794fa7b0 DEOPT UNPACKING pc=0x00000240653d3aa2 sp=0x000000a0a8afde60 mode 2
Event: 1675.042 Thread 0x000002407a3eb370 Uncommon trap: trap_request=0xffffff45 fr.pc=0x0000024066c741f8 relative=0x0000000000000678
Event: 1675.042 Thread 0x000002407a3eb370 Uncommon trap: reason=unstable_if action=reinterpret pc=0x0000024066c741f8 method=java.util.concurrent.ConcurrentHashMap.replaceNode(Ljava/lang/Object;Ljava/lang/Object;Ljava/lang/Object;)Ljava/lang/Object; @ 99 c2
Event: 1675.042 Thread 0x000002407a3eb370 DEOPT PACKING pc=0x0000024066c741f8 sp=0x000000a0aa3fdbc0
Event: 1675.042 Thread 0x000002407a3eb370 DEOPT UNPACKING pc=0x00000240653d3aa2 sp=0x000000a0aa3fdb28 mode 2

Classes loaded (20 events):
Event: 1548.931 Loading class sun/security/provider/certpath/ResponderId$Type
Event: 1548.932 Loading class sun/security/provider/certpath/ResponderId$Type done
Event: 1548.932 Loading class sun/security/provider/certpath/OCSPResponse$SingleResponse
Event: 1548.932 Loading class sun/security/provider/certpath/OCSP$RevocationStatus
Event: 1548.932 Loading class sun/security/provider/certpath/OCSP$RevocationStatus done
Event: 1548.932 Loading class sun/security/provider/certpath/OCSPResponse$SingleResponse done
Event: 1548.933 Loading class sun/security/provider/certpath/CertId
Event: 1548.933 Loading class sun/security/provider/certpath/CertId done
Event: 1548.933 Loading class sun/security/provider/certpath/OCSP$RevocationStatus$CertStatus
Event: 1548.933 Loading class sun/security/provider/certpath/OCSP$RevocationStatus$CertStatus done
Event: 1550.466 Loading class sun/net/www/protocol/http/HttpURLConnection$10
Event: 1550.466 Loading class sun/net/www/protocol/http/HttpURLConnection$10 done
Event: 1550.535 Loading class sun/net/www/http/KeepAliveCleanerEntry
Event: 1550.535 Loading class sun/net/www/http/KeepAliveCleanerEntry done
Event: 1550.535 Loading class sun/net/www/http/KeepAliveStream$1
Event: 1550.535 Loading class sun/net/www/http/KeepAliveStream$1 done
Event: 1550.536 Loading class sun/net/www/http/ChunkedInputStream
Event: 1550.537 Loading class sun/net/www/http/ChunkedInputStream done
Event: 1556.658 Loading class java/nio/channels/CompletionHandler
Event: 1556.658 Loading class java/nio/channels/CompletionHandler done

Classes unloaded (20 events):
Event: 1541.869 Thread 0x000002405ab97620 Unloading class 0x0000024001852ae0 'org/apache/maven/shared/filtering/MavenReaderFilterRequest'
Event: 1541.869 Thread 0x000002405ab97620 Unloading class 0x00000240018527c8 'org/apache/maven/shared/filtering/MavenFileFilterRequest'
Event: 1541.869 Thread 0x000002405ab97620 Unloading class 0x00000240018525c8 'org/codehaus/plexus/interpolation/Interpolator'
Event: 1541.869 Thread 0x000002405ab97620 Unloading class 0x00000240018523c8 'org/codehaus/plexus/interpolation/BasicInterpolator'
Event: 1541.869 Thread 0x000002405ab97620 Unloading class 0x0000024001851ca0 'org/codehaus/plexus/interpolation/ValueSource'
Event: 1541.869 Thread 0x000002405ab97620 Unloading class 0x0000024001852000 'org/apache/maven/shared/filtering/MavenResourcesExecution'
Event: 1541.869 Thread 0x000002405ab97620 Unloading class 0x00000240018519c8 'org/apache/maven/shared/filtering/AbstractMavenFilteringRequest'
Event: 1541.869 Thread 0x000002405ab97620 Unloading class 0x0000024001851768 'org/apache/maven/shared/filtering/MavenFilteringException'
Event: 1541.869 Thread 0x000002405ab97620 Unloading class 0x0000024001851518 'org/apache/maven/shared/filtering/DefaultMavenResourcesFiltering'
Event: 1541.869 Thread 0x000002405ab97620 Unloading class 0x0000024001851318 'org/apache/maven/shared/filtering/MavenResourcesFiltering'
Event: 1541.869 Thread 0x000002405ab97620 Unloading class 0x0000024001851088 'org/apache/maven/shared/filtering/DefaultMavenReaderFilter'
Event: 1541.869 Thread 0x000002405ab97620 Unloading class 0x0000024001850e88 'org/apache/maven/shared/filtering/MavenReaderFilter'
Event: 1541.869 Thread 0x000002405ab97620 Unloading class 0x0000024001850be8 'org/apache/maven/shared/filtering/DefaultMavenFileFilter'
Event: 1541.869 Thread 0x000002405ab97620 Unloading class 0x0000024001850998 'org/apache/maven/shared/filtering/BaseFilter'
Event: 1541.869 Thread 0x000002405ab97620 Unloading class 0x0000024001850798 'org/apache/maven/shared/filtering/MavenFileFilter'
Event: 1541.869 Thread 0x000002405ab97620 Unloading class 0x0000024001850598 'org/apache/maven/shared/filtering/DefaultFilterInfo'
Event: 1541.869 Thread 0x000002405ab97620 Unloading class 0x0000024001850288 'org/apache/maven/plugins/resources/TestResourcesMojo'
Event: 1541.869 Thread 0x000002405ab97620 Unloading class 0x0000024001850000 'org/apache/maven/plugins/maven_resources_plugin/HelpMojo'
Event: 1541.869 Thread 0x000002405ab97620 Unloading class 0x0000024001841b10 'org/apache/maven/plugins/resources/CopyResourcesMojo'
Event: 1541.869 Thread 0x000002405ab97620 Unloading class 0x0000024001841800 'org/apache/maven/plugins/resources/ResourcesMojo'

Classes redefined (0 events):
No events

Internal exceptions (20 events):
Event: 1449.875 Thread 0x00000240794fa7b0 Exception <a 'sun/nio/fs/WindowsException'{0x00000000d59a7de8}> (0x00000000d59a7de8) 
thrown [s\src\hotspot\share\prims\jni.cpp, line 520]
Event: 1519.303 Thread 0x000002407f49ebd0 Implicit null exception at 0x000002406743b77a to 0x000002406743b93c
Event: 1530.457 Thread 0x000002407f49ebd0 Implicit null exception at 0x0000024065a9eea3 to 0x0000024065aa16f4
Event: 1549.055 Thread 0x000002407a1e8ff0 Exception <a 'java/lang/IncompatibleClassChangeError'{0x00000000d59a7108}: Found class java.lang.Object, but interface was expected> (0x00000000d59a7108) 
thrown [s\src\hotspot\share\interpreter\linkResolver.cpp, line 840]
Event: 1549.060 Thread 0x00000240794f3eb0 Exception <a 'java/lang/NoSuchMethodError'{0x00000000d59d1368}: 'java.lang.Object java.lang.invoke.DirectMethodHandle$Holder.invokeStatic(java.lang.Object, int, int, java.lang.Object)'> (0x00000000d59d1368) 
thrown [s\src\hotspot\share\interpreter\linkResolver.cpp, line 773]
Event: 1551.279 Thread 0x000002407a1e8ff0 Exception <a 'java/lang/IncompatibleClassChangeError'{0x00000000d55aea68}: Found class java.lang.Object, but interface was expected> (0x00000000d55aea68) 
thrown [s\src\hotspot\share\interpreter\linkResolver.cpp, line 840]
Event: 1570.306 Thread 0x000002407f49ebd0 Implicit null exception at 0x0000024065e9dc47 to 0x0000024065e9e8bc
Event: 1668.700 Thread 0x00000240794fa7b0 Exception <a 'sun/nio/fs/WindowsException'{0x00000000d56c99d8}> (0x00000000d56c99d8) 
thrown [s\src\hotspot\share\prims\jni.cpp, line 520]
Event: 1668.700 Thread 0x00000240794fa7b0 Exception <a 'sun/nio/fs/WindowsException'{0x00000000d56c9df8}> (0x00000000d56c9df8) 
thrown [s\src\hotspot\share\prims\jni.cpp, line 520]
Event: 1668.747 Thread 0x00000240794fa7b0 Implicit null exception at 0x000002406732d588 to 0x000002406732d71c
Event: 1673.485 Thread 0x00000240794fa7b0 Exception <a 'sun/nio/fs/WindowsException'{0x00000000d55c1090}> (0x00000000d55c1090) 
thrown [s\src\hotspot\share\prims\jni.cpp, line 520]
Event: 1673.485 Thread 0x00000240794fa7b0 Exception <a 'sun/nio/fs/WindowsException'{0x00000000d55c1958}> (0x00000000d55c1958) 
thrown [s\src\hotspot\share\prims\jni.cpp, line 520]
Event: 1673.487 Thread 0x00000240794fa7b0 Exception <a 'sun/nio/fs/WindowsException'{0x00000000d55d5610}> (0x00000000d55d5610) 
thrown [s\src\hotspot\share\prims\jni.cpp, line 520]
Event: 1673.487 Thread 0x00000240794fa7b0 Exception <a 'sun/nio/fs/WindowsException'{0x00000000d55d5ed8}> (0x00000000d55d5ed8) 
thrown [s\src\hotspot\share\prims\jni.cpp, line 520]
Event: 1673.522 Thread 0x00000240794fa7b0 Exception <a 'sun/nio/fs/WindowsException'{0x00000000d56038a0}> (0x00000000d56038a0) 
thrown [s\src\hotspot\share\prims\jni.cpp, line 520]
Event: 1673.522 Thread 0x00000240794fa7b0 Exception <a 'sun/nio/fs/WindowsException'{0x00000000d5604168}> (0x00000000d5604168) 
thrown [s\src\hotspot\share\prims\jni.cpp, line 520]
Event: 1673.734 Thread 0x00000240794fa7b0 Exception <a 'sun/nio/fs/WindowsException'{0x00000000d57af760}> (0x00000000d57af760) 
thrown [s\src\hotspot\share\prims\jni.cpp, line 520]
Event: 1673.734 Thread 0x00000240794fa7b0 Exception <a 'sun/nio/fs/WindowsException'{0x00000000d57b0028}> (0x00000000d57b0028) 
thrown [s\src\hotspot\share\prims\jni.cpp, line 520]
Event: 1673.784 Thread 0x0000024077c59f50 Exception <a 'sun/nio/fs/WindowsException'{0x00000000d55ee7c8}> (0x00000000d55ee7c8) 
thrown [s\src\hotspot\share\prims\jni.cpp, line 520]
Event: 1674.462 Thread 0x0000024077c59f50 Exception <a 'sun/nio/fs/WindowsException'{0x00000000d57301f0}> (0x00000000d57301f0) 
thrown [s\src\hotspot\share\prims\jni.cpp, line 520]

ZGC Phase Switch (0 events):
No events

VM Operations (20 events):
Event: 1675.788 Executing VM operation: ParallelGCFailedAllocation (Allocation Failure)
Event: 1675.791 Executing VM operation: ParallelGCFailedAllocation (Allocation Failure) done
Event: 1675.822 Executing VM operation: ParallelGCFailedAllocation (Allocation Failure)
Event: 1675.825 Executing VM operation: ParallelGCFailedAllocation (Allocation Failure) done
Event: 1675.917 Executing VM operation: ParallelGCFailedAllocation (Allocation Failure)
Event: 1675.923 Executing VM operation: ParallelGCFailedAllocation (Allocation Failure) done
Event: 1675.943 Executing VM operation: ParallelGCFailedAllocation (Allocation Failure)
Event: 1675.949 Executing VM operation: ParallelGCFailedAllocation (Allocation Failure) done
Event: 1676.023 Executing VM operation: ParallelGCFailedAllocation (Allocation Failure)
Event: 1676.050 Executing VM operation: ParallelGCFailedAllocation (Allocation Failure) done
Event: 1676.153 Executing VM operation: ParallelGCFailedAllocation (Allocation Failure)
Event: 1676.158 Executing VM operation: ParallelGCFailedAllocation (Allocation Failure) done
Event: 1676.201 Executing VM operation: ParallelGCFailedAllocation (Allocation Failure)
Event: 1676.205 Executing VM operation: ParallelGCFailedAllocation (Allocation Failure) done
Event: 1676.225 Executing VM operation: ParallelGCFailedAllocation (Allocation Failure)
Event: 1676.228 Executing VM operation: ParallelGCFailedAllocation (Allocation Failure) done
Event: 1676.278 Executing VM operation: ParallelGCFailedAllocation (Allocation Failure)
Event: 1676.299 Executing VM operation: ParallelGCFailedAllocation (Allocation Failure) done
Event: 1676.356 Executing VM operation: ParallelGCFailedAllocation (Allocation Failure)
Event: 1676.361 Executing VM operation: ParallelGCFailedAllocation (Allocation Failure) done

Memory protections (0 events):
No events

Nmethod flushes (20 events):
Event: 1542.072 Thread 0x000002405ab97620 flushing osr nmethod 0x0000024060a47a90
Event: 1542.072 Thread 0x000002405ab97620 flushing  nmethod 0x0000024060a52f10
Event: 1542.072 Thread 0x000002405ab97620 flushing  nmethod 0x0000024060a81190
Event: 1542.072 Thread 0x000002405ab97620 flushing  nmethod 0x0000024060a92710
Event: 1542.072 Thread 0x000002405ab97620 flushing  nmethod 0x0000024060a98490
Event: 1542.072 Thread 0x000002405ab97620 flushing  nmethod 0x0000024060b3a410
Event: 1542.072 Thread 0x000002405ab97620 flushing osr nmethod 0x0000024060b51e10
Event: 1542.072 Thread 0x000002405ab97620 flushing  nmethod 0x0000024060b95510
Event: 1542.072 Thread 0x000002405ab97620 flushing  nmethod 0x0000024060bcc190
Event: 1542.072 Thread 0x000002405ab97620 flushing  nmethod 0x0000024060bcee90
Event: 1542.072 Thread 0x000002405ab97620 flushing  nmethod 0x0000024060c67490
Event: 1542.072 Thread 0x000002405ab97620 flushing  nmethod 0x0000024060c6b110
Event: 1542.072 Thread 0x000002405ab97620 flushing  nmethod 0x0000024060c6d610
Event: 1542.072 Thread 0x000002405ab97620 flushing  nmethod 0x0000024060c70e90
Event: 1542.072 Thread 0x000002405ab97620 flushing  nmethod 0x0000024060ca4e10
Event: 1542.072 Thread 0x000002405ab97620 flushing  nmethod 0x0000024060cb5110
Event: 1542.072 Thread 0x000002405ab97620 flushing  nmethod 0x0000024060ce2a10
Event: 1542.072 Thread 0x000002405ab97620 flushing osr nmethod 0x0000024060d7df90
Event: 1542.072 Thread 0x000002405ab97620 flushing  nmethod 0x0000024060d8b510
Event: 1542.072 Thread 0x000002405ab97620 flushing  nmethod 0x0000024060e06510

Events (20 events):
Event: 1673.551 Thread 0x00000240794fa7b0 Thread added: 0x000002407a3edad0
Event: 1673.551 Thread 0x00000240794fa7b0 Thread added: 0x000002407a3eace0
Event: 1673.551 Thread 0x00000240794fa7b0 Thread added: 0x000002407a3eba00
Event: 1673.551 Thread 0x00000240794fa7b0 Thread added: 0x000002407a3e7ef0
Event: 1673.569 Thread 0x000002407a3ea650 Thread exited: 0x000002407a3ea650
Event: 1673.569 Thread 0x000002407a3eba00 Thread exited: 0x000002407a3eba00
Event: 1673.569 Thread 0x000002407a3edad0 Thread exited: 0x000002407a3edad0
Event: 1673.569 Thread 0x000002407a3eace0 Thread exited: 0x000002407a3eace0
Event: 1673.569 Thread 0x000002407a3e7ef0 Thread exited: 0x000002407a3e7ef0
Event: 1674.994 Thread 0x00000240794f3820 Thread added: 0x000002407a3edad0
Event: 1674.994 Thread 0x00000240794f3820 Thread added: 0x000002407a3eb370
Event: 1674.994 Thread 0x00000240794f3820 Thread added: 0x000002407a3e7ef0
Event: 1674.994 Thread 0x00000240794f3820 Thread added: 0x000002407a3ea650
Event: 1674.994 Thread 0x00000240794f3820 Thread added: 0x000002407a3eace0
Event: 1675.478 Thread 0x00000240794f5f80 Thread added: 0x000002407a3eba00
Event: 1676.006 Thread 0x000002407a3eace0 Thread exited: 0x000002407a3eace0
Event: 1676.006 Thread 0x000002407a3edad0 Thread exited: 0x000002407a3edad0
Event: 1676.006 Thread 0x000002407a3eb370 Thread exited: 0x000002407a3eb370
Event: 1676.019 Thread 0x000002407a3e7ef0 Thread exited: 0x000002407a3e7ef0
Event: 1676.051 Thread 0x000002407a3ea650 Thread exited: 0x000002407a3ea650


Dynamic libraries:
0x00007ff669f90000 - 0x00007ff669f9e000 	c:\Users\admin\.vscode\extensions\redhat.java-1.50.0-win32-x64\jre\21.0.9-win32-x86_64\bin\java.exe
0x00007ffad1570000 - 0x00007ffad1768000 	C:\Windows\SYSTEM32\ntdll.dll
0x00007ffacf9a0000 - 0x00007ffacfa62000 	C:\Windows\System32\KERNEL32.DLL
0x00007ffacee90000 - 0x00007ffacf186000 	C:\Windows\System32\KERNELBASE.dll
0x00007ffacf490000 - 0x00007ffacf590000 	C:\Windows\System32\ucrtbase.dll
0x00007ffab5b30000 - 0x00007ffab5b48000 	c:\Users\admin\.vscode\extensions\redhat.java-1.50.0-win32-x64\jre\21.0.9-win32-x86_64\bin\jli.dll
0x00007ffad1170000 - 0x00007ffad1311000 	C:\Windows\System32\USER32.dll
0x00007ffacedd0000 - 0x00007ffacedf2000 	C:\Windows\System32\win32u.dll
0x00007ffacff90000 - 0x00007ffacffbb000 	C:\Windows\System32\GDI32.dll
0x00007ffacec00000 - 0x00007ffaced19000 	C:\Windows\System32\gdi32full.dll
0x00007ffacf370000 - 0x00007ffacf40d000 	C:\Windows\System32\msvcp_win.dll
0x00007ffaac4f0000 - 0x00007ffaac50e000 	c:\Users\admin\.vscode\extensions\redhat.java-1.50.0-win32-x64\jre\21.0.9-win32-x86_64\bin\VCRUNTIME140.dll
0x00007ffabda00000 - 0x00007ffabdc9b000 	C:\Windows\WinSxS\amd64_microsoft.windows.common-controls_6595b64144ccf1df_6.0.19041.6456_none_60b8a6cb71f64256\COMCTL32.dll
0x00007ffad0cf0000 - 0x00007ffad0d8e000 	C:\Windows\System32\msvcrt.dll
0x00007ffad1060000 - 0x00007ffad108f000 	C:\Windows\System32\IMM32.DLL
0x00007ffabbd60000 - 0x00007ffabbd6c000 	c:\Users\admin\.vscode\extensions\redhat.java-1.50.0-win32-x64\jre\21.0.9-win32-x86_64\bin\vcruntime140_1.dll
0x00007ffaa3140000 - 0x00007ffaa31cd000 	c:\Users\admin\.vscode\extensions\redhat.java-1.50.0-win32-x64\jre\21.0.9-win32-x86_64\bin\msvcp140.dll
0x00007ffa6e760000 - 0x00007ffa6f500000 	c:\Users\admin\.vscode\extensions\redhat.java-1.50.0-win32-x64\jre\21.0.9-win32-x86_64\bin\server\jvm.dll
0x00007ffacfed0000 - 0x00007ffacff81000 	C:\Windows\System32\ADVAPI32.dll
0x00007ffacfd40000 - 0x00007ffacfddf000 	C:\Windows\System32\sechost.dll
0x00007ffad0f40000 - 0x00007ffad1060000 	C:\Windows\System32\RPCRT4.dll
0x00007ffacf410000 - 0x00007ffacf437000 	C:\Windows\System32\bcrypt.dll
0x00007ffacffe0000 - 0x00007ffad004b000 	C:\Windows\System32\WS2_32.dll
0x00007fface5e0000 - 0x00007fface62b000 	C:\Windows\SYSTEM32\POWRPROF.dll
0x00007ffac5b00000 - 0x00007ffac5b27000 	C:\Windows\SYSTEM32\WINMM.dll
0x00007ffac7660000 - 0x00007ffac766a000 	C:\Windows\SYSTEM32\VERSION.dll
0x00007fface5a0000 - 0x00007fface5b2000 	C:\Windows\SYSTEM32\UMPDC.dll
0x00007ffacd410000 - 0x00007ffacd422000 	C:\Windows\SYSTEM32\kernel.appcore.dll
0x00007ffab69f0000 - 0x00007ffab69fa000 	c:\Users\admin\.vscode\extensions\redhat.java-1.50.0-win32-x64\jre\21.0.9-win32-x86_64\bin\jimage.dll
0x00007ffacc820000 - 0x00007ffacca21000 	C:\Windows\SYSTEM32\DBGHELP.DLL
0x00007ffac2a60000 - 0x00007ffac2a94000 	C:\Windows\SYSTEM32\dbgcore.DLL
0x00007ffacee00000 - 0x00007ffacee82000 	C:\Windows\System32\bcryptPrimitives.dll
0x00007ffab6720000 - 0x00007ffab672f000 	c:\Users\admin\.vscode\extensions\redhat.java-1.50.0-win32-x64\jre\21.0.9-win32-x86_64\bin\instrument.dll
0x00007ffaabbe0000 - 0x00007ffaabc00000 	c:\Users\admin\.vscode\extensions\redhat.java-1.50.0-win32-x64\jre\21.0.9-win32-x86_64\bin\java.dll
0x00007ffad00b0000 - 0x00007ffad0820000 	C:\Windows\System32\SHELL32.dll
0x00007ffaccc50000 - 0x00007ffacd3f5000 	C:\Windows\SYSTEM32\windows.storage.dll
0x00007ffacf590000 - 0x00007ffacf8e4000 	C:\Windows\System32\combase.dll
0x00007fface630000 - 0x00007fface65b000 	C:\Windows\SYSTEM32\Wldp.dll
0x00007ffad13b0000 - 0x00007ffad147d000 	C:\Windows\System32\OLEAUT32.dll
0x00007ffad1480000 - 0x00007ffad152d000 	C:\Windows\System32\SHCORE.dll
0x00007ffacfde0000 - 0x00007ffacfe3b000 	C:\Windows\System32\shlwapi.dll
0x00007ffaceb30000 - 0x00007ffaceb54000 	C:\Windows\SYSTEM32\profapi.dll
0x00007ffaa6eb0000 - 0x00007ffaa6ec8000 	c:\Users\admin\.vscode\extensions\redhat.java-1.50.0-win32-x64\jre\21.0.9-win32-x86_64\bin\zip.dll
0x00007ffab65c0000 - 0x00007ffab65d0000 	C:\Users\admin\.vscode\extensions\redhat.java-1.50.0-win32-x64\jre\21.0.9-win32-x86_64\bin\net.dll
0x00007ffac7180000 - 0x00007ffac728a000 	C:\Windows\SYSTEM32\WINHTTP.dll
0x00007fface320000 - 0x00007fface38a000 	C:\Windows\system32\mswsock.dll
0x00007ffaabc60000 - 0x00007ffaabc76000 	C:\Users\admin\.vscode\extensions\redhat.java-1.50.0-win32-x64\jre\21.0.9-win32-x86_64\bin\nio.dll
0x00007ffab6300000 - 0x00007ffab6310000 	c:\Users\admin\.vscode\extensions\redhat.java-1.50.0-win32-x64\jre\21.0.9-win32-x86_64\bin\verify.dll
0x00007ffaa7930000 - 0x00007ffaa7974000 	C:\Users\admin\AppData\Roaming\Code\User\globalStorage\redhat.java\1.50.0\config_win\org.eclipse.equinox.launcher\org.eclipse.equinox.launcher.win32.win32.x86_64_1.2.1400.v20250801-0854\eclipse_11916.dll
0x00007ffacfc10000 - 0x00007ffacfd3b000 	C:\Windows\System32\ole32.dll
0x00007fface510000 - 0x00007fface528000 	C:\Windows\SYSTEM32\CRYPTSP.dll
0x00007ffacdbd0000 - 0x00007ffacdc08000 	C:\Windows\system32\rsaenh.dll
0x00007ffaceab0000 - 0x00007ffaceade000 	C:\Windows\SYSTEM32\USERENV.dll
0x00007fface530000 - 0x00007fface53c000 	C:\Windows\SYSTEM32\CRYPTBASE.dll
0x00007fface000000 - 0x00007fface03b000 	C:\Windows\SYSTEM32\IPHLPAPI.DLL
0x00007ffacfec0000 - 0x00007ffacfec8000 	C:\Windows\System32\NSI.dll
0x00007ffa9af40000 - 0x00007ffa9af89000 	C:\Users\admin\AppData\Local\Temp\jna-92668751\jna8534291450524353867.dll
0x00007ffacfeb0000 - 0x00007ffacfeb8000 	C:\Windows\System32\PSAPI.DLL
0x00007ffac7520000 - 0x00007ffac7537000 	C:\Windows\SYSTEM32\dhcpcsvc6.DLL
0x00007ffac79b0000 - 0x00007ffac79cd000 	C:\Windows\SYSTEM32\dhcpcsvc.DLL
0x00007ffacb340000 - 0x00007ffacb34e000 	C:\Users\admin\.vscode\extensions\redhat.java-1.50.0-win32-x64\jre\21.0.9-win32-x86_64\bin\sunmscapi.dll
0x00007ffacf190000 - 0x00007ffacf2ed000 	C:\Windows\System32\CRYPT32.dll
0x00007fface6a0000 - 0x00007fface6c7000 	C:\Windows\SYSTEM32\ncrypt.dll
0x00007fface660000 - 0x00007fface69b000 	C:\Windows\SYSTEM32\NTASN1.dll
0x00007fface040000 - 0x00007fface10a000 	C:\Windows\SYSTEM32\DNSAPI.dll
0x00007ffabf9e0000 - 0x00007ffabf9ea000 	C:\Windows\System32\rasadhlp.dll
0x00007ffabfde0000 - 0x00007ffabfe60000 	C:\Windows\System32\fwpuclnt.dll
0x00007ffacba70000 - 0x00007ffacba79000 	C:\Users\admin\.vscode\extensions\redhat.java-1.50.0-win32-x64\jre\21.0.9-win32-x86_64\bin\extnet.dll
0x00007ffacde90000 - 0x00007ffacdec3000 	C:\Windows\SYSTEM32\ntmarta.dll

JVMTI agents:
c:\Users\admin\.vscode\extensions\redhat.java-1.50.0-win32-x64\lombok\lombok-1.18.39-4050.jar path:c:\Users\admin\.vscode\extensions\redhat.java-1.50.0-win32-x64\jre\21.0.9-win32-x86_64\bin\instrument.dll, loaded, initialized, instrumentlib options:none

dbghelp: loaded successfully - version: 4.0.5 - missing functions: none
symbol engine: initialized successfully - sym options: 0x614 - pdb path: .;c:\Users\admin\.vscode\extensions\redhat.java-1.50.0-win32-x64\jre\21.0.9-win32-x86_64\bin;C:\Windows\SYSTEM32;C:\Windows\WinSxS\amd64_microsoft.windows.common-controls_6595b64144ccf1df_6.0.19041.6456_none_60b8a6cb71f64256;c:\Users\admin\.vscode\extensions\redhat.java-1.50.0-win32-x64\jre\21.0.9-win32-x86_64\bin\server;C:\Users\admin\AppData\Roaming\Code\User\globalStorage\redhat.java\1.50.0\config_win\org.eclipse.equinox.launcher\org.eclipse.equinox.launcher.win32.win32.x86_64_1.2.1400.v20250801-0854;C:\Users\admin\AppData\Local\Temp\jna-92668751

VM Arguments:
jvm_args: --add-modules=ALL-SYSTEM --add-opens=java.base/java.util=ALL-UNNAMED --add-opens=java.base/java.lang=ALL-UNNAMED --add-opens=java.base/sun.nio.fs=ALL-UNNAMED -Declipse.application=org.eclipse.jdt.ls.core.id1 -Dosgi.bundles.defaultStartLevel=4 -Declipse.product=org.eclipse.jdt.ls.core.product -Djava.import.generatesMetadataFilesAtProjectRoot=false -DDetectVMInstallationsJob.disabled=true -Dfile.encoding=utf8 -XX:+UseParallelGC -XX:GCTimeRatio=4 -XX:AdaptiveSizePolicyWeight=90 -Dsun.zip.disableMemoryMapping=true -Xmx2G -Xms100m -Xlog:disable -javaagent:c:\Users\admin\.vscode\extensions\redhat.java-1.50.0-win32-x64\lombok\lombok-1.18.39-4050.jar -XX:+HeapDumpOnOutOfMemoryError -XX:HeapDumpPath=c:\Users\admin\AppData\Roaming\Code\User\workspaceStorage\65c0909f92d5e7a7b6357911b44db384\redhat.java -Daether.dependencyCollector.impl=bf 
java_command: c:\Users\admin\.vscode\extensions\redhat.java-1.50.0-win32-x64\server\plugins\org.eclipse.equinox.launcher_1.7.100.v20251111-0406.jar -configuration c:\Users\admin\AppData\Roaming\Code\User\globalStorage\redhat.java\1.50.0\config_win -data c:\Users\admin\AppData\Roaming\Code\User\workspaceStorage\65c0909f92d5e7a7b6357911b44db384\redhat.java\jdt_ws --pipe=\\.\pipe\lsp-f6d2f571c395e31d1061466ab418f2ba-sock
java_class_path (initial): c:\Users\admin\.vscode\extensions\redhat.java-1.50.0-win32-x64\server\plugins\org.eclipse.equinox.launcher_1.7.100.v20251111-0406.jar
Launcher Type: SUN_STANDARD

[Global flags]
    uintx AdaptiveSizePolicyWeight                 = 90                                        {product} {command line}
     intx CICompilerCount                          = 4                                         {product} {ergonomic}
    uintx GCTimeRatio                              = 4                                         {product} {command line}
     bool HeapDumpOnOutOfMemoryError               = true                                   {manageable} {command line}
    ccstr HeapDumpPath                             = c:\Users\admin\AppData\Roaming\Code\User\workspaceStorage\65c0909f92d5e7a7b6357911b44db384\redhat.java         {manageable} {command line}
   size_t InitialHeapSize                          = 104857600                                 {product} {command line}
   size_t MaxHeapSize                              = 2147483648                                {product} {command line}
   size_t MaxNewSize                               = 715653120                                 {product} {ergonomic}
   size_t MinHeapDeltaBytes                        = 524288                                    {product} {ergonomic}
   size_t MinHeapSize                              = 104857600                                 {product} {command line}
   size_t NewSize                                  = 34603008                                  {product} {ergonomic}
    uintx NonNMethodCodeHeapSize                   = 5839372                                {pd product} {ergonomic}
    uintx NonProfiledCodeHeapSize                  = 122909434                              {pd product} {ergonomic}
   size_t OldSize                                  = 70254592                                  {product} {ergonomic}
    uintx ProfiledCodeHeapSize                     = 122909434                              {pd product} {ergonomic}
    uintx ReservedCodeCacheSize                    = 251658240                              {pd product} {ergonomic}
     bool SegmentedCodeCache                       = true                                      {product} {ergonomic}
   size_t SoftMaxHeapSize                          = 2147483648                             {manageable} {ergonomic}
     bool UseCompressedOops                        = true                           {product lp64_product} {ergonomic}
     bool UseLargePagesIndividualAllocation        = false                                  {pd product} {ergonomic}
     bool UseParallelGC                            = true                                      {product} {command line}

Logging:
Log output configuration:
 #0: stdout all=off uptime,level,tags foldmultilines=false
 #1: stderr all=off uptime,level,tags foldmultilines=false

Release file:
JAVA_VERSION="21.0.9" 
MODULES="java.base java.compiler java.datatransfer java.xml java.prefs java.desktop java.instrument java.logging java.management java.security.sasl java.naming java.rmi java.management.rmi java.net.http java.scripting java.security.jgss java.transaction.xa java.sql java.sql.rowset java.xml.crypto java.se java.smartcardio jdk.accessibility jdk.internal.jvmstat jdk.attach jdk.charsets jdk.internal.opt jdk.zipfs jdk.compiler jdk.crypto.ec jdk.crypto.cryptoki jdk.crypto.mscapi jdk.dynalink jdk.internal.ed jdk.editpad jdk.hotspot.agent jdk.httpserver jdk.internal.le jdk.internal.vm.ci jdk.internal.vm.compiler jdk.internal.vm.compiler.management jdk.jartool jdk.javadoc jdk.jcmd jdk.management jdk.management.agent jdk.jconsole jdk.jdeps jdk.jdwp.agent jdk.jdi jdk.jfr jdk.jshell jdk.jsobject jdk.jstatd jdk.localedata jdk.management.jfr jdk.naming.dns jdk.naming.rmi jdk.net jdk.nio.mapmode jdk.random jdk.sctp jdk.security.auth jdk.security.jgss jdk.unsupported jdk.unsupported.desktop jdk.xml.dom" 

Environment Variables:
PATH=C:\Program Files\Common Files\Oracle\Java\javapath;C:\Windows\system32;C:\Windows;C:\Windows\System32\Wbem;C:\Windows\System32\WindowsPowerShell\v1.0\;C:\Windows\System32\OpenSSH\;C:\Program Files (x86)\Paragon Software\LinuxFS for Windows\;D:\flutter\bin;C:\Program Files\Git\cmd;C:\Program Files\dotnet\;C:\Program Files\Java\jdk-21\bin;C:\Users\admin\scoop\apps\maven\current\bin;C:\Users\admin\scoop\shims;C:\Users\admin\AppData\Local\Microsoft\WindowsApps;D:\flutter\bin;C:\Users\admin\.dotnet\tools;C:\Users\admin\AppData\Local\Microsoft\WinGet\Packages\Google.PlatformTools_Microsoft.Winget.Source_8wekyb3d8bbwe\platform-tools;C:\Program Files\Java\jdk-21\bin;
USERNAME=admin
OS=Windows_NT
PROCESSOR_IDENTIFIER=AMD64 Family 23 Model 24 Stepping 1, AuthenticAMD
TMP=C:\Users\admin\AppData\Local\Temp
TEMP=C:\Users\admin\AppData\Local\Temp




Periodic native trim disabled

---------------  S Y S T E M  ---------------

OS:
 Windows 10 , 64 bit Build 19041 (10.0.19041.5915)
OS uptime: 5 days 5:23 hours

CPU: total 8 (initial active 8) (8 cores per cpu, 2 threads per core) family 23 model 24 stepping 1 microcode 0x0, cx8, cmov, fxsr, ht, mmx, 3dnowpref, sse, sse2, sse3, ssse3, sse4a, sse4.1, sse4.2, popcnt, lzcnt, tsc, tscinvbit, avx, avx2, aes, clmul, bmi1, bmi2, adx, sha, fma, vzeroupper, clflush, clflushopt, rdtscp, f16c
Processor Information for the first 8 processors :
  Max Mhz: 2100, Current Mhz: 2100, Mhz Limit: 2100

Memory: 4k page, system-wide physical 10187M (504M free)
TotalPageFile size 24991M (AvailPageFile size 63M)
current process WorkingSet (physical memory assigned to process): 766M, peak: 1003M
current process commit charge ("private bytes"): 1195M, peak: 1207M

vm_info: OpenJDK 64-Bit Server VM (21.0.9+10-LTS) for windows-amd64 JRE (21.0.9+10-LTS), built on 2025-10-21T00:00:00Z by "admin" with unknown MS VC++:1942

END.
